_[2026-05-14 13:26:53]_ NODE_Shard_01 | PULSE_CONFIRMED | ECOSYSTEM: TERRACARE_LEDGER
_[2026-05-14 13:28:20]_ NODE_Shard_01 | PULSE_CONFIRMED | ECOSYSTEM: TERRACARE_LEDGER
_[2026-05-14 13:32:15]_ NODE_Shard_01 | CODE_GENERATED | FILE: gen_1778729568.py | ECOSYSTEM: TERRACARE_LEDGER
_[2026-05-14 13:34:23]_ NODE_Shard_01 | CODE_GENERATED | FILE: gen_1778729715.py | ECOSYSTEM: TERRACARE_LEDGER
_[2026-05-14 13:40:18]_ NODE_Trinity_S | CODE_GENERATED | FILE: gen_1778730136.py | ECOSYSTEM: TERRACARE_LEDGER
_[2026-05-14 13:45:52]_ NODE_Trinity_V | CODE_GENERATED | FILE: gen_1778730370.py | ECOSYSTEM: TERRACARE_LEDGER
_[2026-05-14 13:46:26]_ NODE_INTEGRATED | BUILD: swarm_build_1778730511.py | STATUS: GIT_COMMITTED | ECOSYSTEM: TERRACARE_LEDGER
_[2026-05-14 14:01:00]_ NODE_INTEGRATED | BUILD: swarm_build_1778731308.java | STATUS: GIT_COMMITTED | ECOSYSTEM: TERRACARE_LEDGER
_[2026-05-14 14:02:11]_ NODE_INTEGRATED | BUILD: swarm_build_1778731416.py | STATUS: GIT_COMMITTED | ECOSYSTEM: TERRACARE_LEDGER
_[2026-05-14 14:03:42]_ NODE_INTEGRATED | BUILD: swarm_build_1778731460.py | STATUS: GIT_COMMITTED | ECOSYSTEM: TERRACARE_LEDGER
_[2026-05-14 14:06:04]_ NODE_INTEGRATED | BUILD: swarm_build_1778731580.java | STATUS: GIT_COMMITTED | ECOSYSTEM: TERRACARE_LEDGER
_[2026-05-14 14:10:08]_ NODE_Swarm | ORIANA_BUILD: oriana_update_1778731966.java | STATUS: LOCAL_SAVE
_[2026-05-14 14:13:39]_ NODE_Swarm | FABRIC_BUILD: swarm_forge_1778732155.java | STATUS: LOCAL_SYNC
_[2026-05-14 14:20:24]_ NODE_Swarm | TRIAD_BUILD: fabric_update_1778732511.py | STATUS: LOCAL_ONLY
_[2026-05-14 14:22:53]_ NODE_Swarm | TRIAD_BUILD: fabric_update_1778732700.java | STATUS: LOCAL_ONLY
_[2026-05-14 14:25:10]_ NODE_Swarm | TRIAD_BUILD: fabric_update_1778732799.py | STATUS: LOCAL_ONLY
_[2026-05-14 14:26:43]_ NODE_Swarm | TRIAD_BUILD: fabric_update_1778732832.py | STATUS: LOCAL_ONLY
_[2026-05-14 14:28:38]_ NODE_Swarm | TRIAD_BUILD: fabric_update_1778733016.java | STATUS: LOCAL_ONLY
_[2026-05-14 14:32:59]_ NODE_Swarm | TRIAD_BUILD: fabric_update_1778733352.java | STATUS: LOCAL_ONLY
_[2026-05-14 14:39:52]_ NODE_Swarm | TRIAD_BUILD: fabric_update_1778733705.java | STATUS: LOCAL_ONLY
_[2026-05-14 14:45:43]_ NODE_Swarm | TRIAD_BUILD: fabric_update_1778734073.java | STATUS: LOCAL_ONLY
_[2026-05-14 15:01:09]_ NODE_Swarm | TRIAD_BUILD: fabric_update_1778734928.xml | STATUS: LOCAL_ONLY
_[2026-05-14 15:03:53]_ NODE_Swarm | TRIAD_BUILD: fabric_update_1778735201.py | STATUS: LOCAL_ONLY
_[2026-05-14 15:12:24]_ NODE_Swarm | TRIAD_BUILD: fabric_update_1778735632.java | STATUS: LOCAL_ONLY
_[2026-05-14 15:17:24]_ NODE_Swarm | TRIAD_BUILD: fabric_update_1778735909.java | STATUS: LOCAL_ONLY
_[2026-05-14 15:22:17]_ NODE_Swarm | TRIAD_BUILD: fabric_update_1778736247.java | STATUS: LOCAL_ONLY
_[2026-05-14 15:28:48]_ NODE_Swarm | TRIAD_BUILD: fabric_update_1778736586.java | STATUS: LOCAL_ONLY
_[2026-05-14 15:59:48]_ NODE_Swarm | TRIAD_BUILD: fabric_update_1778738527.java | STATUS: LOCAL_ONLY
_[2026-05-14 16:05:16]_ NODE_Swarm | TRIAD_BUILD: fabric_update_1778738738.java | STATUS: LOCAL_ONLY
_[2026-05-14 16:38:09]_ NODE_Swarm | TRIAD_BUILD: fabric_update_1778740772.java | STATUS: LOCAL_ONLY
_[2026-05-14 17:34:56]_ NODE_Swarm | TRIAD_BUILD: fabric_update_1778744204.java | STATUS: LOCAL_ONLY
_[2026-05-14 17:42:50]_ NODE_Swarm | TRIAD_BUILD: fabric_update_1778744613.xml | STATUS: LOCAL_ONLY
_[2026-05-14 17:45:36]_ NODE_Swarm | TRIAD_BUILD: fabric_update_1778744793.xml | STATUS: LOCAL_ONLY
_[2026-05-14 20:07:40]_ NODE_Swarm | TRIAD_BUILD: fabric_update_1778753359.java | STATUS: LOCAL_ONLY
_[2026-05-14 20:46:53]_ NODE_Swarm | TRIAD_BUILD: fabric_update_1778755690.bat | STATUS: LOCAL_ONLY
_[2026-05-15 10:46:21]_ NODE_Terracare_Project | TRIAD_BUILD: fabric_update_1778806018.java | STATUS: TRIAD_SYNCED
_[2026-05-15 10:49:33]_ NODE_Terracare_Project | TRIAD_BUILD: fabric_update_1778806238.java | STATUS: TRIAD_SYNCED
_[2026-05-15 10:51:19]_ NODE_Terracare_Project | TRIAD_BUILD: fabric_update_1778806301.xml | STATUS: TRIAD_SYNCED
_[2026-05-15 11:05:00]_ NODE_Terracare_Project | TRIAD_BUILD: fabric_update_1778807137.xml | STATUS: TRIAD_SYNCED
_[2026-05-15 11:22:59]_ NODE_Terracare_Project | TRIAD_BUILD: fabric_update_1778808212.java | STATUS: TRIAD_SYNCED
_[2026-05-15 11:24:50]_ NODE_Terracare_Project | TRIAD_BUILD: fabric_update_1778808332.bat | STATUS: TRIAD_SYNCED
_[2026-05-15 11:28:16]_ NODE_Terracare_Project | TRIAD_BUILD: fabric_update_1778808573.java | STATUS: TRIAD_SYNCED
_[2026-05-15 11:31:46]_ NODE_Terracare_Project | TRIAD_BUILD: fabric_update_1778808854.java | STATUS: TRIAD_SYNCED
_[2026-05-15 11:36:58]_ NODE_Terracare_Project | TRIAD_BUILD: fabric_update_1778809066.xml | STATUS: TRIAD_SYNCED
_[2026-05-15 11:42:22]_ NODE_Terracare_Project | TRIAD_BUILD: fabric_update_1778809415.java | STATUS: TRIAD_SYNCED
_[2026-05-15 11:51:36]_ NODE_Terracare_Project | TRIAD_BUILD: fabric_update_1778809944.java | STATUS: TRIAD_SYNCED
_[2026-05-15 11:54:09]_ NODE_Terracare_Project | TRIAD_BUILD: fabric_update_1778810081.bat | STATUS: TRIAD_SYNCED
