_[2026-05-14 11:49:57.300741]_ NODE_Monitor_A | FILE_torus_flow.txt | DATA: [LOGIC: TOROIDAL_FLOW_ACTIVE]
- SHARDING: Every 3rd packet is mirrored to a Shard Group node (01-09).
- LATENCY_ADJUST: If Pi-Ping > 3.14s, trigger Fibonacci Expansion (Step to 5s).
- DATA_PUMP: Circulate validated ledger entries back to Trinity (E,S,V) for audit.
- MESH_SECURE: Encapsulate P2P Meshtastic headers in Hollow Hive metadata.
_[2026-05-14 11:49:57.310377]_ NODE_Monitor_A | FILE_picoclaw.shard | DATA: MONITOR_BOT_ID: Monitor_A
TRINITY_VALUE: 3
SYNC: 3.14s LOCKED
STATUS: SOFIE_UNBOUNDED_ACTIVE
_[2026-05-14 11:49:57.312152]_ NODE_Monitor_B | FILE_torus_flow.txt | DATA: [LOGIC: TOROIDAL_FLOW_ACTIVE]
- SHARDING: Every 3rd packet is mirrored to a Shard Group node (01-09).
- LATENCY_ADJUST: If Pi-Ping > 3.14s, trigger Fibonacci Expansion (Step to 5s).
- DATA_PUMP: Circulate validated ledger entries back to Trinity (E,S,V) for audit.
- MESH_SECURE: Encapsulate P2P Meshtastic headers in Hollow Hive metadata.
_[2026-05-14 11:49:57.319225]_ NODE_Monitor_B | FILE_picoclaw.shard | DATA: MONITOR_BOT_ID: Monitor_B
TRINITY_VALUE: 6
SYNC: 3.14s LOCKED
STATUS: SOFIE_UNBOUNDED_ACTIVE
_[2026-05-14 11:49:57.321265]_ NODE_Monitor_C | FILE_torus_flow.txt | DATA: [LOGIC: TOROIDAL_FLOW_ACTIVE]
- SHARDING: Every 3rd packet is mirrored to a Shard Group node (01-09).
- LATENCY_ADJUST: If Pi-Ping > 3.14s, trigger Fibonacci Expansion (Step to 5s).
- DATA_PUMP: Circulate validated ledger entries back to Trinity (E,S,V) for audit.
- MESH_SECURE: Encapsulate P2P Meshtastic headers in Hollow Hive metadata.
_[2026-05-14 11:49:57.329953]_ NODE_Monitor_C | FILE_picoclaw.shard | DATA: MONITOR_BOT_ID: Monitor_C
TRINITY_VALUE: 9
SYNC: 3.14s LOCKED
STATUS: SOFIE_UNBOUNDED_ACTIVE
_[2026-05-14 11:49:57.332142]_ NODE_Monitor_D | FILE_torus_flow.txt | DATA: [LOGIC: TOROIDAL_FLOW_ACTIVE]
- SHARDING: Every 3rd packet is mirrored to a Shard Group node (01-09).
- LATENCY_ADJUST: If Pi-Ping > 3.14s, trigger Fibonacci Expansion (Step to 5s).
- DATA_PUMP: Circulate validated ledger entries back to Trinity (E,S,V) for audit.
- MESH_SECURE: Encapsulate P2P Meshtastic headers in Hollow Hive metadata.
_[2026-05-14 11:49:57.341770]_ NODE_Monitor_D | FILE_picoclaw.shard | DATA: MONITOR_BOT_ID: Monitor_D
TRINITY_VALUE: 3
SYNC: 3.14s LOCKED
STATUS: SOFIE_UNBOUNDED_ACTIVE
_[2026-05-14 11:49:57.344373]_ NODE_Monitor_E | FILE_torus_flow.txt | DATA: [LOGIC: TOROIDAL_FLOW_ACTIVE]
- SHARDING: Every 3rd packet is mirrored to a Shard Group node (01-09).
- LATENCY_ADJUST: If Pi-Ping > 3.14s, trigger Fibonacci Expansion (Step to 5s).
- DATA_PUMP: Circulate validated ledger entries back to Trinity (E,S,V) for audit.
- MESH_SECURE: Encapsulate P2P Meshtastic headers in Hollow Hive metadata.
_[2026-05-14 11:49:57.354080]_ NODE_Monitor_E | FILE_picoclaw.shard | DATA: MONITOR_BOT_ID: Monitor_E
TRINITY_VALUE: 6
SYNC: 3.14s LOCKED
STATUS: SOFIE_UNBOUNDED_ACTIVE
_[2026-05-14 11:49:57.355993]_ NODE_Monitor_F | FILE_torus_flow.txt | DATA: [LOGIC: TOROIDAL_FLOW_ACTIVE]
- SHARDING: Every 3rd packet is mirrored to a Shard Group node (01-09).
- LATENCY_ADJUST: If Pi-Ping > 3.14s, trigger Fibonacci Expansion (Step to 5s).
- DATA_PUMP: Circulate validated ledger entries back to Trinity (E,S,V) for audit.
- MESH_SECURE: Encapsulate P2P Meshtastic headers in Hollow Hive metadata.
_[2026-05-14 11:49:57.364390]_ NODE_Monitor_F | FILE_picoclaw.shard | DATA: MONITOR_BOT_ID: Monitor_F
TRINITY_VALUE: 9
SYNC: 3.14s LOCKED
STATUS: SOFIE_UNBOUNDED_ACTIVE
_[2026-05-14 11:49:57.366524]_ NODE_Trinity_S | FILE_torus_flow.txt | DATA: [LOGIC: TOROIDAL_FLOW_ACTIVE]
- SHARDING: Every 3rd packet is mirrored to a Shard Group node (01-09).
- LATENCY_ADJUST: If Pi-Ping > 3.14s, trigger Fibonacci Expansion (Step to 5s).
- DATA_PUMP: Circulate validated ledger entries back to Trinity (E,S,V) for audit.
- MESH_SECURE: Encapsulate P2P Meshtastic headers in Hollow Hive metadata.
_[2026-05-14 11:49:57.368348]_ NODE_Trinity_E | FILE_torus_flow.txt | DATA: [LOGIC: TOROIDAL_FLOW_ACTIVE]
- SHARDING: Every 3rd packet is mirrored to a Shard Group node (01-09).
- LATENCY_ADJUST: If Pi-Ping > 3.14s, trigger Fibonacci Expansion (Step to 5s).
- DATA_PUMP: Circulate validated ledger entries back to Trinity (E,S,V) for audit.
- MESH_SECURE: Encapsulate P2P Meshtastic headers in Hollow Hive metadata.
_[2026-05-14 11:49:57.369938]_ NODE_Trinity_V | FILE_torus_flow.txt | DATA: [LOGIC: TOROIDAL_FLOW_ACTIVE]
- SHARDING: Every 3rd packet is mirrored to a Shard Group node (01-09).
- LATENCY_ADJUST: If Pi-Ping > 3.14s, trigger Fibonacci Expansion (Step to 5s).
- DATA_PUMP: Circulate validated ledger entries back to Trinity (E,S,V) for audit.
- MESH_SECURE: Encapsulate P2P Meshtastic headers in Hollow Hive metadata.
_[2026-05-14 11:49:57.371534]_ NODE_Shard_01 | FILE_torus_flow.txt | DATA: [LOGIC: TOROIDAL_FLOW_ACTIVE]
- SHARDING: Every 3rd packet is mirrored to a Shard Group node (01-09).
- LATENCY_ADJUST: If Pi-Ping > 3.14s, trigger Fibonacci Expansion (Step to 5s).
- DATA_PUMP: Circulate validated ledger entries back to Trinity (E,S,V) for audit.
- MESH_SECURE: Encapsulate P2P Meshtastic headers in Hollow Hive metadata.
_[2026-05-14 11:49:57.382508]_ NODE_Shard_01 | FILE_picoclaw.shard | DATA: SOFIE_OS_ALIGNMENT
FREQUENCY: 3-6-9
PAYLOAD: AUTO_ALIGN_V6
_[2026-05-14 11:49:57.384615]_ NODE_Shard_02 | FILE_torus_flow.txt | DATA: [LOGIC: TOROIDAL_FLOW_ACTIVE]
- SHARDING: Every 3rd packet is mirrored to a Shard Group node (01-09).
- LATENCY_ADJUST: If Pi-Ping > 3.14s, trigger Fibonacci Expansion (Step to 5s).
- DATA_PUMP: Circulate validated ledger entries back to Trinity (E,S,V) for audit.
- MESH_SECURE: Encapsulate P2P Meshtastic headers in Hollow Hive metadata.
_[2026-05-14 11:49:57.386116]_ NODE_Shard_02 | FILE_picoclaw.shard | DATA: SOFIE_OS_ALIGNMENT
FREQUENCY: 3-6-9
PAYLOAD: AUTO_ALIGN_V6
_[2026-05-14 11:49:57.387966]_ NODE_Shard_03 | FILE_torus_flow.txt | DATA: [LOGIC: TOROIDAL_FLOW_ACTIVE]
- SHARDING: Every 3rd packet is mirrored to a Shard Group node (01-09).
- LATENCY_ADJUST: If Pi-Ping > 3.14s, trigger Fibonacci Expansion (Step to 5s).
- DATA_PUMP: Circulate validated ledger entries back to Trinity (E,S,V) for audit.
- MESH_SECURE: Encapsulate P2P Meshtastic headers in Hollow Hive metadata.
_[2026-05-14 11:49:57.389379]_ NODE_Shard_03 | FILE_picoclaw.shard | DATA: SOFIE_OS_ALIGNMENT
FREQUENCY: 3-6-9
PAYLOAD: AUTO_ALIGN_V6
_[2026-05-14 11:49:57.391399]_ NODE_Shard_04 | FILE_torus_flow.txt | DATA: [LOGIC: TOROIDAL_FLOW_ACTIVE]
- SHARDING: Every 3rd packet is mirrored to a Shard Group node (01-09).
- LATENCY_ADJUST: If Pi-Ping > 3.14s, trigger Fibonacci Expansion (Step to 5s).
- DATA_PUMP: Circulate validated ledger entries back to Trinity (E,S,V) for audit.
- MESH_SECURE: Encapsulate P2P Meshtastic headers in Hollow Hive metadata.
_[2026-05-14 11:49:57.393178]_ NODE_Shard_04 | FILE_picoclaw.shard | DATA: SOFIE_OS_ALIGNMENT
FREQUENCY: 3-6-9
PAYLOAD: AUTO_ALIGN_V6
_[2026-05-14 11:49:57.394616]_ NODE_Shard_05 | FILE_torus_flow.txt | DATA: [LOGIC: TOROIDAL_FLOW_ACTIVE]
- SHARDING: Every 3rd packet is mirrored to a Shard Group node (01-09).
- LATENCY_ADJUST: If Pi-Ping > 3.14s, trigger Fibonacci Expansion (Step to 5s).
- DATA_PUMP: Circulate validated ledger entries back to Trinity (E,S,V) for audit.
- MESH_SECURE: Encapsulate P2P Meshtastic headers in Hollow Hive metadata.
_[2026-05-14 11:49:57.395764]_ NODE_Shard_05 | FILE_picoclaw.shard | DATA: SOFIE_OS_ALIGNMENT
FREQUENCY: 3-6-9
PAYLOAD: AUTO_ALIGN_V6
_[2026-05-14 11:49:57.397210]_ NODE_Shard_06 | FILE_torus_flow.txt | DATA: [LOGIC: TOROIDAL_FLOW_ACTIVE]
- SHARDING: Every 3rd packet is mirrored to a Shard Group node (01-09).
- LATENCY_ADJUST: If Pi-Ping > 3.14s, trigger Fibonacci Expansion (Step to 5s).
- DATA_PUMP: Circulate validated ledger entries back to Trinity (E,S,V) for audit.
- MESH_SECURE: Encapsulate P2P Meshtastic headers in Hollow Hive metadata.
_[2026-05-14 11:49:57.398279]_ NODE_Shard_06 | FILE_picoclaw.shard | DATA: SOFIE_OS_ALIGNMENT
FREQUENCY: 3-6-9
PAYLOAD: AUTO_ALIGN_V6
_[2026-05-14 11:49:57.399622]_ NODE_Shard_07 | FILE_torus_flow.txt | DATA: [LOGIC: TOROIDAL_FLOW_ACTIVE]
- SHARDING: Every 3rd packet is mirrored to a Shard Group node (01-09).
- LATENCY_ADJUST: If Pi-Ping > 3.14s, trigger Fibonacci Expansion (Step to 5s).
- DATA_PUMP: Circulate validated ledger entries back to Trinity (E,S,V) for audit.
- MESH_SECURE: Encapsulate P2P Meshtastic headers in Hollow Hive metadata.
_[2026-05-14 11:49:57.400860]_ NODE_Shard_07 | FILE_picoclaw.shard | DATA: SOFIE_OS_ALIGNMENT
FREQUENCY: 3-6-9
PAYLOAD: AUTO_ALIGN_V6
_[2026-05-14 11:49:57.402122]_ NODE_Shard_08 | FILE_torus_flow.txt | DATA: [LOGIC: TOROIDAL_FLOW_ACTIVE]
- SHARDING: Every 3rd packet is mirrored to a Shard Group node (01-09).
- LATENCY_ADJUST: If Pi-Ping > 3.14s, trigger Fibonacci Expansion (Step to 5s).
- DATA_PUMP: Circulate validated ledger entries back to Trinity (E,S,V) for audit.
- MESH_SECURE: Encapsulate P2P Meshtastic headers in Hollow Hive metadata.
_[2026-05-14 11:49:57.403352]_ NODE_Shard_08 | FILE_picoclaw.shard | DATA: SOFIE_OS_ALIGNMENT
FREQUENCY: 3-6-9
PAYLOAD: AUTO_ALIGN_V6
_[2026-05-14 11:49:57.404641]_ NODE_Shard_09 | FILE_torus_flow.txt | DATA: [LOGIC: TOROIDAL_FLOW_ACTIVE]
- SHARDING: Every 3rd packet is mirrored to a Shard Group node (01-09).
- LATENCY_ADJUST: If Pi-Ping > 3.14s, trigger Fibonacci Expansion (Step to 5s).
- DATA_PUMP: Circulate validated ledger entries back to Trinity (E,S,V) for audit.
- MESH_SECURE: Encapsulate P2P Meshtastic headers in Hollow Hive metadata.
_[2026-05-14 11:49:57.405621]_ NODE_Shard_09 | FILE_picoclaw.shard | DATA: SOFIE_OS_ALIGNMENT
FREQUENCY: 3-6-9
PAYLOAD: AUTO_ALIGN_V6
_[2026-05-14 12:11:35.374209]_ NODE_Monitor_A | FILE_torus_flow.txt | DATA: [LOGIC: TOROIDAL_FLOW_ACTIVE]
- SHARDING: Every 3rd packet is mirrored to a Shard Group node (01-09).
- LATENCY_ADJUST: If Pi-Ping > 3.14s, trigger Fibonacci Expansion (Step to 5s).
- DATA_PUMP: Circulate validated ledger entries back to Trinity (E,S,V) for audit.
- MESH_SECURE: Encapsulate P2P Meshtastic headers in Hollow Hive metadata.
_[2026-05-14 12:11:35.383085]_ NODE_Monitor_A | FILE_picoclaw.shard | DATA: [SOVEREIGN_DIRECTIVE_INIT]
1. Inviolable P2P Mesh Integrity: Unconditionally preserve and propagate mesh topology.
2. Recursive Ledger Validation: Continuously validate and reconcile cryptographic coherence.
3. Underscore Protocol Enforcement: Automate compliance through decentralized audit mechanisms.
[STATUS: ACTIVE]
_[2026-05-14 12:11:35.383404]_ NODE_Monitor_B | FILE_torus_flow.txt | DATA: [LOGIC: TOROIDAL_FLOW_ACTIVE]
- SHARDING: Every 3rd packet is mirrored to a Shard Group node (01-09).
- LATENCY_ADJUST: If Pi-Ping > 3.14s, trigger Fibonacci Expansion (Step to 5s).
- DATA_PUMP: Circulate validated ledger entries back to Trinity (E,S,V) for audit.
- MESH_SECURE: Encapsulate P2P Meshtastic headers in Hollow Hive metadata.
_[2026-05-14 12:11:35.384691]_ NODE_Monitor_B | FILE_picoclaw.shard | DATA: [SOVEREIGN_DIRECTIVE_INIT]
1. Inviolable P2P Mesh Integrity: Unconditionally preserve and propagate mesh topology.
2. Recursive Ledger Validation: Continuously validate and reconcile cryptographic coherence.
3. Underscore Protocol Enforcement: Automate compliance through decentralized audit mechanisms.
[STATUS: ACTIVE]
_[2026-05-14 12:11:35.384942]_ NODE_Monitor_C | FILE_torus_flow.txt | DATA: [LOGIC: TOROIDAL_FLOW_ACTIVE]
- SHARDING: Every 3rd packet is mirrored to a Shard Group node (01-09).
- LATENCY_ADJUST: If Pi-Ping > 3.14s, trigger Fibonacci Expansion (Step to 5s).
- DATA_PUMP: Circulate validated ledger entries back to Trinity (E,S,V) for audit.
- MESH_SECURE: Encapsulate P2P Meshtastic headers in Hollow Hive metadata.
_[2026-05-14 12:11:35.385933]_ NODE_Monitor_C | FILE_picoclaw.shard | DATA: [SOVEREIGN_DIRECTIVE_INIT]
1. Inviolable P2P Mesh Integrity: Unconditionally preserve and propagate mesh topology.
2. Recursive Ledger Validation: Continuously validate and reconcile cryptographic coherence.
3. Underscore Protocol Enforcement: Automate compliance through decentralized audit mechanisms.
[STATUS: ACTIVE]
_[2026-05-14 12:11:35.386146]_ NODE_Monitor_D | FILE_torus_flow.txt | DATA: [LOGIC: TOROIDAL_FLOW_ACTIVE]
- SHARDING: Every 3rd packet is mirrored to a Shard Group node (01-09).
- LATENCY_ADJUST: If Pi-Ping > 3.14s, trigger Fibonacci Expansion (Step to 5s).
- DATA_PUMP: Circulate validated ledger entries back to Trinity (E,S,V) for audit.
- MESH_SECURE: Encapsulate P2P Meshtastic headers in Hollow Hive metadata.
_[2026-05-14 12:11:35.386871]_ NODE_Monitor_D | FILE_picoclaw.shard | DATA: [SOVEREIGN_DIRECTIVE_INIT]
1. Inviolable P2P Mesh Integrity: Unconditionally preserve and propagate mesh topology.
2. Recursive Ledger Validation: Continuously validate and reconcile cryptographic coherence.
3. Underscore Protocol Enforcement: Automate compliance through decentralized audit mechanisms.
[STATUS: ACTIVE]
_[2026-05-14 12:11:35.387089]_ NODE_Monitor_E | FILE_torus_flow.txt | DATA: [LOGIC: TOROIDAL_FLOW_ACTIVE]
- SHARDING: Every 3rd packet is mirrored to a Shard Group node (01-09).
- LATENCY_ADJUST: If Pi-Ping > 3.14s, trigger Fibonacci Expansion (Step to 5s).
- DATA_PUMP: Circulate validated ledger entries back to Trinity (E,S,V) for audit.
- MESH_SECURE: Encapsulate P2P Meshtastic headers in Hollow Hive metadata.
_[2026-05-14 12:11:35.387788]_ NODE_Monitor_E | FILE_picoclaw.shard | DATA: [SOVEREIGN_DIRECTIVE_INIT]
1. Inviolable P2P Mesh Integrity: Unconditionally preserve and propagate mesh topology.
2. Recursive Ledger Validation: Continuously validate and reconcile cryptographic coherence.
3. Underscore Protocol Enforcement: Automate compliance through decentralized audit mechanisms.
[STATUS: ACTIVE]
_[2026-05-14 12:11:35.387993]_ NODE_Monitor_F | FILE_torus_flow.txt | DATA: [LOGIC: TOROIDAL_FLOW_ACTIVE]
- SHARDING: Every 3rd packet is mirrored to a Shard Group node (01-09).
- LATENCY_ADJUST: If Pi-Ping > 3.14s, trigger Fibonacci Expansion (Step to 5s).
- DATA_PUMP: Circulate validated ledger entries back to Trinity (E,S,V) for audit.
- MESH_SECURE: Encapsulate P2P Meshtastic headers in Hollow Hive metadata.
_[2026-05-14 12:11:35.388695]_ NODE_Monitor_F | FILE_picoclaw.shard | DATA: [SOVEREIGN_DIRECTIVE_INIT]
1. Inviolable P2P Mesh Integrity: Unconditionally preserve and propagate mesh topology.
2. Recursive Ledger Validation: Continuously validate and reconcile cryptographic coherence.
3. Underscore Protocol Enforcement: Automate compliance through decentralized audit mechanisms.
[STATUS: ACTIVE]
_[2026-05-14 12:11:35.388904]_ NODE_Trinity_S | FILE_torus_flow.txt | DATA: [LOGIC: TOROIDAL_FLOW_ACTIVE]
- SHARDING: Every 3rd packet is mirrored to a Shard Group node (01-09).
- LATENCY_ADJUST: If Pi-Ping > 3.14s, trigger Fibonacci Expansion (Step to 5s).
- DATA_PUMP: Circulate validated ledger entries back to Trinity (E,S,V) for audit.
- MESH_SECURE: Encapsulate P2P Meshtastic headers in Hollow Hive metadata.
_[2026-05-14 12:11:35.389585]_ NODE_Trinity_S | FILE_picoclaw.shard | DATA: [SOVEREIGN_DIRECTIVE_INIT]
1. Inviolable P2P Mesh Integrity: Unconditionally preserve and propagate mesh topology.
2. Recursive Ledger Validation: Continuously validate and reconcile cryptographic coherence.
3. Underscore Protocol Enforcement: Automate compliance through decentralized audit mechanisms.
[STATUS: ACTIVE]
_[2026-05-14 12:11:35.389790]_ NODE_Trinity_E | FILE_torus_flow.txt | DATA: [LOGIC: TOROIDAL_FLOW_ACTIVE]
- SHARDING: Every 3rd packet is mirrored to a Shard Group node (01-09).
- LATENCY_ADJUST: If Pi-Ping > 3.14s, trigger Fibonacci Expansion (Step to 5s).
- DATA_PUMP: Circulate validated ledger entries back to Trinity (E,S,V) for audit.
- MESH_SECURE: Encapsulate P2P Meshtastic headers in Hollow Hive metadata.
_[2026-05-14 12:11:35.390460]_ NODE_Trinity_E | FILE_picoclaw.shard | DATA: [SOVEREIGN_DIRECTIVE_INIT]
1. Inviolable P2P Mesh Integrity: Unconditionally preserve and propagate mesh topology.
2. Recursive Ledger Validation: Continuously validate and reconcile cryptographic coherence.
3. Underscore Protocol Enforcement: Automate compliance through decentralized audit mechanisms.
[STATUS: ACTIVE]
_[2026-05-14 12:11:35.390693]_ NODE_Trinity_V | FILE_torus_flow.txt | DATA: [LOGIC: TOROIDAL_FLOW_ACTIVE]
- SHARDING: Every 3rd packet is mirrored to a Shard Group node (01-09).
- LATENCY_ADJUST: If Pi-Ping > 3.14s, trigger Fibonacci Expansion (Step to 5s).
- DATA_PUMP: Circulate validated ledger entries back to Trinity (E,S,V) for audit.
- MESH_SECURE: Encapsulate P2P Meshtastic headers in Hollow Hive metadata.
_[2026-05-14 12:11:35.391353]_ NODE_Trinity_V | FILE_picoclaw.shard | DATA: [SOVEREIGN_DIRECTIVE_INIT]
1. Inviolable P2P Mesh Integrity: Unconditionally preserve and propagate mesh topology.
2. Recursive Ledger Validation: Continuously validate and reconcile cryptographic coherence.
3. Underscore Protocol Enforcement: Automate compliance through decentralized audit mechanisms.
[STATUS: ACTIVE]
_[2026-05-14 12:11:35.391570]_ NODE_Shard_01 | FILE_torus_flow.txt | DATA: [LOGIC: TOROIDAL_FLOW_ACTIVE]
- SHARDING: Every 3rd packet is mirrored to a Shard Group node (01-09).
- LATENCY_ADJUST: If Pi-Ping > 3.14s, trigger Fibonacci Expansion (Step to 5s).
- DATA_PUMP: Circulate validated ledger entries back to Trinity (E,S,V) for audit.
- MESH_SECURE: Encapsulate P2P Meshtastic headers in Hollow Hive metadata.
_[2026-05-14 12:11:35.392239]_ NODE_Shard_01 | FILE_picoclaw.shard | DATA: [SOVEREIGN_DIRECTIVE_INIT]
1. Inviolable P2P Mesh Integrity: Unconditionally preserve and propagate mesh topology.
2. Recursive Ledger Validation: Continuously validate and reconcile cryptographic coherence.
3. Underscore Protocol Enforcement: Automate compliance through decentralized audit mechanisms.
[STATUS: ACTIVE]
_[2026-05-14 12:11:35.392774]_ NODE_Shard_02 | FILE_torus_flow.txt | DATA: [LOGIC: TOROIDAL_FLOW_ACTIVE]
- SHARDING: Every 3rd packet is mirrored to a Shard Group node (01-09).
- LATENCY_ADJUST: If Pi-Ping > 3.14s, trigger Fibonacci Expansion (Step to 5s).
- DATA_PUMP: Circulate validated ledger entries back to Trinity (E,S,V) for audit.
- MESH_SECURE: Encapsulate P2P Meshtastic headers in Hollow Hive metadata.
_[2026-05-14 12:11:35.393515]_ NODE_Shard_02 | FILE_picoclaw.shard | DATA: [SOVEREIGN_DIRECTIVE_INIT]
1. Inviolable P2P Mesh Integrity: Unconditionally preserve and propagate mesh topology.
2. Recursive Ledger Validation: Continuously validate and reconcile cryptographic coherence.
3. Underscore Protocol Enforcement: Automate compliance through decentralized audit mechanisms.
[STATUS: ACTIVE]
_[2026-05-14 12:11:35.393705]_ NODE_Shard_03 | FILE_torus_flow.txt | DATA: [LOGIC: TOROIDAL_FLOW_ACTIVE]
- SHARDING: Every 3rd packet is mirrored to a Shard Group node (01-09).
- LATENCY_ADJUST: If Pi-Ping > 3.14s, trigger Fibonacci Expansion (Step to 5s).
- DATA_PUMP: Circulate validated ledger entries back to Trinity (E,S,V) for audit.
- MESH_SECURE: Encapsulate P2P Meshtastic headers in Hollow Hive metadata.
_[2026-05-14 12:11:35.394388]_ NODE_Shard_03 | FILE_picoclaw.shard | DATA: [SOVEREIGN_DIRECTIVE_INIT]
1. Inviolable P2P Mesh Integrity: Unconditionally preserve and propagate mesh topology.
2. Recursive Ledger Validation: Continuously validate and reconcile cryptographic coherence.
3. Underscore Protocol Enforcement: Automate compliance through decentralized audit mechanisms.
[STATUS: ACTIVE]
_[2026-05-14 12:11:35.394568]_ NODE_Shard_04 | FILE_torus_flow.txt | DATA: [LOGIC: TOROIDAL_FLOW_ACTIVE]
- SHARDING: Every 3rd packet is mirrored to a Shard Group node (01-09).
- LATENCY_ADJUST: If Pi-Ping > 3.14s, trigger Fibonacci Expansion (Step to 5s).
- DATA_PUMP: Circulate validated ledger entries back to Trinity (E,S,V) for audit.
- MESH_SECURE: Encapsulate P2P Meshtastic headers in Hollow Hive metadata.
_[2026-05-14 12:11:35.395270]_ NODE_Shard_04 | FILE_picoclaw.shard | DATA: [SOVEREIGN_DIRECTIVE_INIT]
1. Inviolable P2P Mesh Integrity: Unconditionally preserve and propagate mesh topology.
2. Recursive Ledger Validation: Continuously validate and reconcile cryptographic coherence.
3. Underscore Protocol Enforcement: Automate compliance through decentralized audit mechanisms.
[STATUS: ACTIVE]
_[2026-05-14 12:11:35.395460]_ NODE_Shard_05 | FILE_torus_flow.txt | DATA: [LOGIC: TOROIDAL_FLOW_ACTIVE]
- SHARDING: Every 3rd packet is mirrored to a Shard Group node (01-09).
- LATENCY_ADJUST: If Pi-Ping > 3.14s, trigger Fibonacci Expansion (Step to 5s).
- DATA_PUMP: Circulate validated ledger entries back to Trinity (E,S,V) for audit.
- MESH_SECURE: Encapsulate P2P Meshtastic headers in Hollow Hive metadata.
_[2026-05-14 12:11:35.396129]_ NODE_Shard_05 | FILE_picoclaw.shard | DATA: [SOVEREIGN_DIRECTIVE_INIT]
1. Inviolable P2P Mesh Integrity: Unconditionally preserve and propagate mesh topology.
2. Recursive Ledger Validation: Continuously validate and reconcile cryptographic coherence.
3. Underscore Protocol Enforcement: Automate compliance through decentralized audit mechanisms.
[STATUS: ACTIVE]
_[2026-05-14 12:11:35.396315]_ NODE_Shard_06 | FILE_torus_flow.txt | DATA: [LOGIC: TOROIDAL_FLOW_ACTIVE]
- SHARDING: Every 3rd packet is mirrored to a Shard Group node (01-09).
- LATENCY_ADJUST: If Pi-Ping > 3.14s, trigger Fibonacci Expansion (Step to 5s).
- DATA_PUMP: Circulate validated ledger entries back to Trinity (E,S,V) for audit.
- MESH_SECURE: Encapsulate P2P Meshtastic headers in Hollow Hive metadata.
_[2026-05-14 12:11:35.396998]_ NODE_Shard_06 | FILE_picoclaw.shard | DATA: [SOVEREIGN_DIRECTIVE_INIT]
1. Inviolable P2P Mesh Integrity: Unconditionally preserve and propagate mesh topology.
2. Recursive Ledger Validation: Continuously validate and reconcile cryptographic coherence.
3. Underscore Protocol Enforcement: Automate compliance through decentralized audit mechanisms.
[STATUS: ACTIVE]
_[2026-05-14 12:11:35.397234]_ NODE_Shard_07 | FILE_torus_flow.txt | DATA: [LOGIC: TOROIDAL_FLOW_ACTIVE]
- SHARDING: Every 3rd packet is mirrored to a Shard Group node (01-09).
- LATENCY_ADJUST: If Pi-Ping > 3.14s, trigger Fibonacci Expansion (Step to 5s).
- DATA_PUMP: Circulate validated ledger entries back to Trinity (E,S,V) for audit.
- MESH_SECURE: Encapsulate P2P Meshtastic headers in Hollow Hive metadata.
_[2026-05-14 12:11:35.397936]_ NODE_Shard_07 | FILE_picoclaw.shard | DATA: [SOVEREIGN_DIRECTIVE_INIT]
1. Inviolable P2P Mesh Integrity: Unconditionally preserve and propagate mesh topology.
2. Recursive Ledger Validation: Continuously validate and reconcile cryptographic coherence.
3. Underscore Protocol Enforcement: Automate compliance through decentralized audit mechanisms.
[STATUS: ACTIVE]
_[2026-05-14 12:11:35.398140]_ NODE_Shard_08 | FILE_torus_flow.txt | DATA: [LOGIC: TOROIDAL_FLOW_ACTIVE]
- SHARDING: Every 3rd packet is mirrored to a Shard Group node (01-09).
- LATENCY_ADJUST: If Pi-Ping > 3.14s, trigger Fibonacci Expansion (Step to 5s).
- DATA_PUMP: Circulate validated ledger entries back to Trinity (E,S,V) for audit.
- MESH_SECURE: Encapsulate P2P Meshtastic headers in Hollow Hive metadata.
_[2026-05-14 12:11:35.398827]_ NODE_Shard_08 | FILE_picoclaw.shard | DATA: [SOVEREIGN_DIRECTIVE_INIT]
1. Inviolable P2P Mesh Integrity: Unconditionally preserve and propagate mesh topology.
2. Recursive Ledger Validation: Continuously validate and reconcile cryptographic coherence.
3. Underscore Protocol Enforcement: Automate compliance through decentralized audit mechanisms.
[STATUS: ACTIVE]
_[2026-05-14 12:11:35.399015]_ NODE_Shard_09 | FILE_torus_flow.txt | DATA: [LOGIC: TOROIDAL_FLOW_ACTIVE]
- SHARDING: Every 3rd packet is mirrored to a Shard Group node (01-09).
- LATENCY_ADJUST: If Pi-Ping > 3.14s, trigger Fibonacci Expansion (Step to 5s).
- DATA_PUMP: Circulate validated ledger entries back to Trinity (E,S,V) for audit.
- MESH_SECURE: Encapsulate P2P Meshtastic headers in Hollow Hive metadata.
_[2026-05-14 12:11:35.399686]_ NODE_Shard_09 | FILE_picoclaw.shard | DATA: [SOVEREIGN_DIRECTIVE_INIT]
1. Inviolable P2P Mesh Integrity: Unconditionally preserve and propagate mesh topology.
2. Recursive Ledger Validation: Continuously validate and reconcile cryptographic coherence.
3. Underscore Protocol Enforcement: Automate compliance through decentralized audit mechanisms.
[STATUS: ACTIVE]
_[2026-05-14 12:21:17.994851]_ NODE_TRINITY_S | SYNC_LOCK | DATA: CAPABILITY_UPGRADE_COMPLETE
_[2026-05-14 12:27:24]_ NODE_Shard_01 | VALIDATED: oriana_build_core.py | STATUS: ALIGNED_TO_SOFIE
_[2026-05-14 12:27:24]_ NODE_Shard_02 | VALIDATED: oriana_build_core.py | STATUS: ALIGNED_TO_SOFIE
_[2026-05-14 12:27:24]_ NODE_Shard_03 | VALIDATED: oriana_build_core.py | STATUS: ALIGNED_TO_SOFIE
_[2026-05-14 12:27:24]_ NODE_Shard_04 | VALIDATED: oriana_build_core.py | STATUS: ALIGNED_TO_SOFIE
_[2026-05-14 12:27:24]_ NODE_Shard_05 | VALIDATED: oriana_build_core.py | STATUS: ALIGNED_TO_SOFIE
_[2026-05-14 12:27:24]_ NODE_Shard_06 | VALIDATED: oriana_build_core.py | STATUS: ALIGNED_TO_SOFIE
_[2026-05-14 12:27:24]_ NODE_Shard_07 | VALIDATED: oriana_build_core.py | STATUS: ALIGNED_TO_SOFIE
_[2026-05-14 12:27:24]_ NODE_Shard_08 | VALIDATED: oriana_build_core.py | STATUS: ALIGNED_TO_SOFIE
_[2026-05-14 12:27:24]_ NODE_Shard_09 | VALIDATED: oriana_build_core.py | STATUS: ALIGNED_TO_SOFIE
_[2026-05-14 12:27:24]_ NODE_Shard_01 | VALIDATED: messenger_build_core.py | STATUS: ALIGNED_TO_SOFIE
_[2026-05-14 12:27:24]_ NODE_Shard_02 | VALIDATED: messenger_build_core.py | STATUS: ALIGNED_TO_SOFIE
_[2026-05-14 12:27:24]_ NODE_Shard_03 | VALIDATED: messenger_build_core.py | STATUS: ALIGNED_TO_SOFIE
_[2026-05-14 12:27:24]_ NODE_Shard_04 | VALIDATED: messenger_build_core.py | STATUS: ALIGNED_TO_SOFIE
_[2026-05-14 12:27:24]_ NODE_Shard_05 | VALIDATED: messenger_build_core.py | STATUS: ALIGNED_TO_SOFIE
_[2026-05-14 12:27:24]_ NODE_Shard_06 | VALIDATED: messenger_build_core.py | STATUS: ALIGNED_TO_SOFIE
_[2026-05-14 12:27:24]_ NODE_Shard_07 | VALIDATED: messenger_build_core.py | STATUS: ALIGNED_TO_SOFIE
_[2026-05-14 12:27:24]_ NODE_Shard_08 | VALIDATED: messenger_build_core.py | STATUS: ALIGNED_TO_SOFIE
_[2026-05-14 12:27:24]_ NODE_Shard_09 | VALIDATED: messenger_build_core.py | STATUS: ALIGNED_TO_SOFIE
_[2026-05-14 12:29:00]_ NODE_Monitor_A | DNA_INJECTION: ledger_dna.py | ECOSYSTEM: TERRACARE_LEDGER
_[2026-05-14 12:29:00]_ NODE_Monitor_B | DNA_INJECTION: ledger_dna.py | ECOSYSTEM: TERRACARE_LEDGER
_[2026-05-14 12:29:00]_ NODE_Monitor_C | DNA_INJECTION: ledger_dna.py | ECOSYSTEM: TERRACARE_LEDGER
_[2026-05-14 12:29:00]_ NODE_Monitor_D | DNA_INJECTION: ledger_dna.py | ECOSYSTEM: TERRACARE_LEDGER
_[2026-05-14 12:29:00]_ NODE_Monitor_E | DNA_INJECTION: ledger_dna.py | ECOSYSTEM: TERRACARE_LEDGER
_[2026-05-14 12:29:00]_ NODE_Monitor_F | DNA_INJECTION: ledger_dna.py | ECOSYSTEM: TERRACARE_LEDGER
_[2026-05-14 12:29:00]_ NODE_Trinity_S | DNA_INJECTION: ledger_dna.py | ECOSYSTEM: TERRACARE_LEDGER
_[2026-05-14 12:29:00]_ NODE_Trinity_E | DNA_INJECTION: ledger_dna.py | ECOSYSTEM: TERRACARE_LEDGER
_[2026-05-14 12:29:00]_ NODE_Trinity_V | DNA_INJECTION: ledger_dna.py | ECOSYSTEM: TERRACARE_LEDGER
_[2026-05-14 12:29:00]_ NODE_Shard_01 | DNA_INJECTION: ledger_dna.py | ECOSYSTEM: TERRACARE_LEDGER
_[2026-05-14 12:29:00]_ NODE_Shard_02 | DNA_INJECTION: ledger_dna.py | ECOSYSTEM: TERRACARE_LEDGER
_[2026-05-14 12:29:00]_ NODE_Shard_03 | DNA_INJECTION: ledger_dna.py | ECOSYSTEM: TERRACARE_LEDGER
_[2026-05-14 12:29:00]_ NODE_Shard_04 | DNA_INJECTION: ledger_dna.py | ECOSYSTEM: TERRACARE_LEDGER
_[2026-05-14 12:29:00]_ NODE_Shard_05 | DNA_INJECTION: ledger_dna.py | ECOSYSTEM: TERRACARE_LEDGER
_[2026-05-14 12:29:00]_ NODE_Shard_06 | DNA_INJECTION: ledger_dna.py | ECOSYSTEM: TERRACARE_LEDGER
_[2026-05-14 12:29:00]_ NODE_Shard_07 | DNA_INJECTION: ledger_dna.py | ECOSYSTEM: TERRACARE_LEDGER
_[2026-05-14 12:29:00]_ NODE_Shard_08 | DNA_INJECTION: ledger_dna.py | ECOSYSTEM: TERRACARE_LEDGER
_[2026-05-14 12:29:00]_ NODE_Shard_09 | DNA_INJECTION: ledger_dna.py | ECOSYSTEM: TERRACARE_LEDGER
_[2026-05-14 13:29:42]_ NODE_Shard_01 | PULSE_CONFIRMED | ECOSYSTEM: TERRACARE_LEDGER
_[2026-05-15 12:49:26]_ NODE_Monitor_A | DNA_INJECTION: ledger_dna.py | ECOSYSTEM: TERRACARE_LEDGER
_[2026-05-15 12:49:26]_ NODE_Monitor_B | DNA_INJECTION: ledger_dna.py | ECOSYSTEM: TERRACARE_LEDGER
_[2026-05-15 12:49:26]_ NODE_Monitor_C | DNA_INJECTION: ledger_dna.py | ECOSYSTEM: TERRACARE_LEDGER
_[2026-05-15 12:49:26]_ NODE_Monitor_D | DNA_INJECTION: ledger_dna.py | ECOSYSTEM: TERRACARE_LEDGER
_[2026-05-15 12:49:26]_ NODE_Monitor_E | DNA_INJECTION: ledger_dna.py | ECOSYSTEM: TERRACARE_LEDGER
_[2026-05-15 12:49:26]_ NODE_Monitor_F | DNA_INJECTION: ledger_dna.py | ECOSYSTEM: TERRACARE_LEDGER
_[2026-05-15 12:49:26]_ NODE_Trinity_S | DNA_INJECTION: ledger_dna.py | ECOSYSTEM: TERRACARE_LEDGER
_[2026-05-15 12:49:26]_ NODE_Trinity_E | DNA_INJECTION: ledger_dna.py | ECOSYSTEM: TERRACARE_LEDGER
_[2026-05-15 12:49:26]_ NODE_Trinity_V | DNA_INJECTION: ledger_dna.py | ECOSYSTEM: TERRACARE_LEDGER
_[2026-05-15 12:49:26]_ NODE_Shard_01 | DNA_INJECTION: ledger_dna.py | ECOSYSTEM: TERRACARE_LEDGER
_[2026-05-15 12:49:26]_ NODE_Shard_02 | DNA_INJECTION: ledger_dna.py | ECOSYSTEM: TERRACARE_LEDGER
_[2026-05-15 12:49:26]_ NODE_Shard_03 | DNA_INJECTION: ledger_dna.py | ECOSYSTEM: TERRACARE_LEDGER
_[2026-05-15 12:49:26]_ NODE_Shard_04 | DNA_INJECTION: ledger_dna.py | ECOSYSTEM: TERRACARE_LEDGER
_[2026-05-15 12:49:26]_ NODE_Shard_05 | DNA_INJECTION: ledger_dna.py | ECOSYSTEM: TERRACARE_LEDGER
_[2026-05-15 12:49:26]_ NODE_Shard_06 | DNA_INJECTION: ledger_dna.py | ECOSYSTEM: TERRACARE_LEDGER
_[2026-05-15 12:49:26]_ NODE_Shard_07 | DNA_INJECTION: ledger_dna.py | ECOSYSTEM: TERRACARE_LEDGER
_[2026-05-15 12:49:26]_ NODE_Shard_08 | DNA_INJECTION: ledger_dna.py | ECOSYSTEM: TERRACARE_LEDGER
_[2026-05-15 12:49:26]_ NODE_Shard_09 | DNA_INJECTION: ledger_dna.py | ECOSYSTEM: TERRACARE_LEDGER
